<?xml version="1.0" encoding="UTF-8"?>
<testng-results ignored="0" total="1" passed="1" failed="0" skipped="0">
  <reporter-output>
  </reporter-output>
  <suite started-at="2022-08-07T21:08:45 IST" name="Default suite" finished-at="2022-08-07T21:08:55 IST" duration-ms="9158">
    <groups>
    </groups>
    <test started-at="2022-08-07T21:08:45 IST" name="Default test" finished-at="2022-08-07T21:08:55 IST" duration-ms="9158">
      <class name="test.ZerodhaSignUp">
        <test-method is-config="true" signature="url()[pri:0, instance:test.ZerodhaSignUp@dd8ba08]" started-at="2022-08-07T21:08:45 IST" name="url" finished-at="2022-08-07T21:08:54 IST" duration-ms="8484" status="PASS">
          <reporter-output>
          </reporter-output>
        </test-method> <!-- url -->
        <test-method signature="openSignupPage()[pri:0, instance:test.ZerodhaSignUp@dd8ba08]" started-at="2022-08-07T21:08:54 IST" name="openSignupPage" finished-at="2022-08-07T21:08:55 IST" duration-ms="625" status="PASS">
          <reporter-output>
          </reporter-output>
        </test-method> <!-- openSignupPage -->
      </class> <!-- test.ZerodhaSignUp -->
    </test> <!-- Default test -->
  </suite> <!-- Default suite -->
</testng-results>
